0 info it worked if it ends with ok
1 verbose cli [ 'node', '/usr/local/bin/npm', 'install', '-g', 'cordova' ]
2 info using npm@2.14.6
3 info using node@v0.12.7
4 verbose node symlink /usr/local/bin/node
5 verbose install initial load of /usr/local/lib/package.json
6 verbose readDependencies loading dependencies from /usr/local/lib/package.json
7 silly cache add args [ 'cordova', null ]
8 verbose cache add spec cordova
9 silly cache add parsed spec { raw: 'cordova',
9 silly cache add   scope: null,
9 silly cache add   name: 'cordova',
9 silly cache add   rawSpec: '',
9 silly cache add   spec: '*',
9 silly cache add   type: 'range' }
10 silly addNamed cordova@*
11 verbose addNamed "*" is a valid semver range for cordova
12 silly addNameRange { name: 'cordova', range: '*', hasData: false }
13 silly mapToRegistry name cordova
14 silly mapToRegistry using default registry
15 silly mapToRegistry registry https://registry.npmjs.org/
16 silly mapToRegistry uri https://registry.npmjs.org/cordova
17 verbose addNameRange registry:https://registry.npmjs.org/cordova not in flight; fetching
18 verbose request uri https://registry.npmjs.org/cordova
19 verbose request no auth needed
20 info attempt registry request try #1 at 13:10:22
21 verbose request id 9446ba368135a084
22 verbose etag "3M0SL517U84TBOOF0K9E069RW"
23 http request GET https://registry.npmjs.org/cordova
24 http 200 https://registry.npmjs.org/cordova
25 verbose headers { server: 'CouchDB/1.5.0 (Erlang OTP/R16B03)',
25 verbose headers   etag: '"10KQDX3I32Y5K3TYQIW7OA07G"',
25 verbose headers   'content-type': 'application/json',
25 verbose headers   'cache-control': 'max-age=300',
25 verbose headers   'content-length': '371835',
25 verbose headers   'accept-ranges': 'bytes',
25 verbose headers   date: 'Thu, 17 Dec 2015 05:10:22 GMT',
25 verbose headers   via: '1.1 varnish',
25 verbose headers   age: '146',
25 verbose headers   connection: 'keep-alive',
25 verbose headers   'x-served-by': 'cache-sin6926-SIN',
25 verbose headers   'x-cache': 'HIT',
25 verbose headers   'x-cache-hits': '1',
25 verbose headers   'x-timer': 'S1450329022.931422,VS0,VE1',
25 verbose headers   vary: 'Accept' }
26 silly get cb [ 200,
26 silly get   { server: 'CouchDB/1.5.0 (Erlang OTP/R16B03)',
26 silly get     etag: '"10KQDX3I32Y5K3TYQIW7OA07G"',
26 silly get     'content-type': 'application/json',
26 silly get     'cache-control': 'max-age=300',
26 silly get     'content-length': '371835',
26 silly get     'accept-ranges': 'bytes',
26 silly get     date: 'Thu, 17 Dec 2015 05:10:22 GMT',
26 silly get     via: '1.1 varnish',
26 silly get     age: '146',
26 silly get     connection: 'keep-alive',
26 silly get     'x-served-by': 'cache-sin6926-SIN',
26 silly get     'x-cache': 'HIT',
26 silly get     'x-cache-hits': '1',
26 silly get     'x-timer': 'S1450329022.931422,VS0,VE1',
26 silly get     vary: 'Accept' } ]
27 verbose get saving cordova to /Users/JessicaMariaTeguh/.npm/registry.npmjs.org/cordova/.cache.json
28 silly addNameRange number 2 { name: 'cordova', range: '*', hasData: true }
29 silly addNameRange versions [ 'cordova',
29 silly addNameRange   [ '0.0.1',
29 silly addNameRange     '0.0.2',
29 silly addNameRange     '0.0.3',
29 silly addNameRange     '0.0.4',
29 silly addNameRange     '0.0.5',
29 silly addNameRange     '0.0.6',
29 silly addNameRange     '0.0.7',
29 silly addNameRange     '0.0.8',
29 silly addNameRange     '0.0.9',
29 silly addNameRange     '0.1.0',
29 silly addNameRange     '0.1.1',
29 silly addNameRange     '0.1.2',
29 silly addNameRange     '0.1.3',
29 silly addNameRange     '0.1.4',
29 silly addNameRange     '0.1.5',
29 silly addNameRange     '0.1.6',
29 silly addNameRange     '0.1.7',
29 silly addNameRange     '0.1.8',
29 silly addNameRange     '0.1.9',
29 silly addNameRange     '0.1.10',
29 silly addNameRange     '0.1.11',
29 silly addNameRange     '0.1.12',
29 silly addNameRange     '0.1.13',
29 silly addNameRange     '0.1.14',
29 silly addNameRange     '2.2.0',
29 silly addNameRange     '2.3.0',
29 silly addNameRange     '2.3.1',
29 silly addNameRange     '2.3.2',
29 silly addNameRange     '2.3.3',
29 silly addNameRange     '2.3.5',
29 silly addNameRange     '2.3.6',
29 silly addNameRange     '2.4.0',
29 silly addNameRange     '2.4.1',
29 silly addNameRange     '2.4.2',
29 silly addNameRange     '2.4.3',
29 silly addNameRange     '2.4.4',
29 silly addNameRange     '2.4.5',
29 silly addNameRange     '2.4.6',
29 silly addNameRange     '2.4.7',
29 silly addNameRange     '2.4.8',
29 silly addNameRange     '2.4.9',
29 silly addNameRange     '2.4.10',
29 silly addNameRange     '2.5.0',
29 silly addNameRange     '2.5.2',
29 silly addNameRange     '2.5.3',
29 silly addNameRange     '2.5.4',
29 silly addNameRange     '2.5.5',
29 silly addNameRange     '2.6.0',
29 silly addNameRange     '2.6.1',
29 silly addNameRange     '2.6.2',
29 silly addNameRange     '2.7.0-rc.1',
29 silly addNameRange     '2.7.1-rc.1',
29 silly addNameRange     '2.7.2',
29 silly addNameRange     '2.7.3',
29 silly addNameRange     '2.7.4',
29 silly addNameRange     '2.8.0',
29 silly addNameRange     '2.8.1',
29 silly addNameRange     '2.8.2',
29 silly addNameRange     '2.8.3',
29 silly addNameRange     '2.8.4',
29 silly addNameRange     '2.8.5',
29 silly addNameRange     '2.8.6',
29 silly addNameRange     '2.8.7',
29 silly addNameRange     '2.8.8',
29 silly addNameRange     '2.8.9',
29 silly addNameRange     '2.8.10',
29 silly addNameRange     '2.8.11',
29 silly addNameRange     '2.8.12',
29 silly addNameRange     '2.8.13',
29 silly addNameRange     '2.8.14',
29 silly addNameRange     '2.8.15',
29 silly addNameRange     '2.8.16',
29 silly addNameRange     '2.8.17',
29 silly addNameRange     '2.8.18',
29 silly addNameRange     '2.8.19',
29 silly addNameRange     '2.8.20',
29 silly addNameRange     '2.8.21',
29 silly addNameRange     '2.8.22',
29 silly addNameRange     '2.8.23',
29 silly addNameRange     '2.8.24',
29 silly addNameRange     '2.8.25',
29 silly addNameRange     '2.9.0',
29 silly addNameRange     '2.9.1',
29 silly addNameRange     '2.9.2',
29 silly addNameRange     '2.9.3',
29 silly addNameRange     '2.9.4',
29 silly addNameRange     '2.9.5',
29 silly addNameRange     '2.9.6',
29 silly addNameRange     '2.9.7',
29 silly addNameRange     '3.0.0-rc1',
29 silly addNameRange     '3.0.0-rc1-1',
29 silly addNameRange     '3.0.0-rc1-3',
29 silly addNameRange     '3.0.0',
29 silly addNameRange     '3.0.1',
29 silly addNameRange     '3.0.2',
29 silly addNameRange     '3.0.3',
29 silly addNameRange     '3.0.4',
29 silly addNameRange     '3.0.5',
29 silly addNameRange     '3.0.6',
29 silly addNameRange     '3.0.7',
29 silly addNameRange     '3.0.8',
29 silly addNameRange     '3.0.9',
29 silly addNameRange     '3.0.10',
29 silly addNameRange     '3.1.0-0.1.0',
29 silly addNameRange     '3.1.0-0.2.0',
29 silly addNameRange     '3.2.0-rc.1',
29 silly addNameRange     '3.2.0-0.1.0',
29 silly addNameRange     '3.2.0-0.2.0',
29 silly addNameRange     '3.2.0-0.3.0',
29 silly addNameRange     '3.2.0-0.4.0',
29 silly addNameRange     '3.3.0-rc.1',
29 silly addNameRange     '3.3.0-0.1.1',
29 silly addNameRange     '3.3.1-0.1.2',
29 silly addNameRange     '2.9.0-rc1',
29 silly addNameRange     '3.3.1-0.3.0',
29 silly addNameRange     '3.3.1-0.3.1',
29 silly addNameRange     '3.3.1-0.4.1',
29 silly addNameRange     '3.3.1-0.4.2',
29 silly addNameRange     '3.4.0-0.1.0',
29 silly addNameRange     '3.4.0-0.1.1',
29 silly addNameRange     '3.4.0-0.1.2',
29 silly addNameRange     '3.4.0-0.1.3',
29 silly addNameRange     '0.0.0-fake',
29 silly addNameRange     '3.4.1-0.1.0',
29 silly addNameRange     '3.5.0-0.2.0',
29 silly addNameRange     '3.5.0-0.2.1',
29 silly addNameRange     '3.5.0-0.2.2',
29 silly addNameRange     '3.5.0-0.2.3',
29 silly addNameRange     '3.5.0-0.2.4',
29 silly addNameRange     '3.5.0-0.2.6',
29 silly addNameRange     '3.5.0-0.2.7',
29 silly addNameRange     '3.6.0-0.2.8',
29 silly addNameRange     '3.6.0-0.2.9',
29 silly addNameRange     '3.6.1-0.2.10',
29 silly addNameRange     '3.6.3-0.2.11',
29 silly addNameRange     '3.6.3-0.2.12',
29 silly addNameRange     '3.6.3-0.2.13',
29 silly addNameRange     '4.0.0',
29 silly addNameRange     '4.0.1',
29 silly addNameRange     '4.1.0',
29 silly addNameRange     '4.1.1',
29 silly addNameRange     '4.1.2',
29 silly addNameRange     '4.1.3-nightly.2014.10.21',
29 silly addNameRange     '4.2.0',
29 silly addNameRange     '4.3.0',
29 silly addNameRange     '5.0.0',
29 silly addNameRange     '4.3.1',
29 silly addNameRange     '5.1.1',
29 silly addNameRange     '5.2.0',
29 silly addNameRange     '5.3.1',
29 silly addNameRange     '5.3.3',
29 silly addNameRange     '5.4.0',
29 silly addNameRange     '5.4.1' ] ]
30 silly addNamed cordova@5.4.1
31 verbose addNamed "5.4.1" is a plain semver version for cordova
32 silly cache afterAdd cordova@5.4.1
33 verbose afterAdd /Users/JessicaMariaTeguh/.npm/cordova/5.4.1/package/package.json not in flight; writing
34 verbose afterAdd /Users/JessicaMariaTeguh/.npm/cordova/5.4.1/package/package.json written
35 silly install resolved [ { name: 'cordova',
35 silly install resolved     version: '5.4.1',
35 silly install resolved     preferGlobal: 'true',
35 silly install resolved     description: 'Cordova command line interface tool',
35 silly install resolved     main: 'cordova',
35 silly install resolved     engines: { node: '>=0.9.9' },
35 silly install resolved     engineStrict: true,
35 silly install resolved     bin: { cordova: './bin/cordova' },
35 silly install resolved     scripts:
35 silly install resolved      { test: 'node node_modules/jasmine-node/bin/jasmine-node --captureExceptions --color spec',
35 silly install resolved        cover: 'node node_modules/istanbul/lib/cli.js cover --root src --print detail node_modules/jasmine-node/bin/jasmine-node -- spec' },
35 silly install resolved     repository:
35 silly install resolved      { type: 'git',
35 silly install resolved        url: 'https://git-wip-us.apache.org/repos/asf/cordova-cli.git' },
35 silly install resolved     bugs:
35 silly install resolved      { url: 'https://issues.apache.org/jira/browse/CB',
35 silly install resolved        email: 'dev@cordova.apache.org' },
35 silly install resolved     keywords: [ 'cordova', 'client', 'cli' ],
35 silly install resolved     dependencies:
35 silly install resolved      { ansi: '^0.3.0',
35 silly install resolved        'cordova-lib': '5.4.1',
35 silly install resolved        q: '1.0.1',
35 silly install resolved        nopt: '3.0.1',
35 silly install resolved        underscore: '1.7.0',
35 silly install resolved        'update-notifier': '^0.5.0' },
35 silly install resolved     devDependencies:
35 silly install resolved      { istanbul: '^0.3.4',
35 silly install resolved        grunt: '0.4.5',
35 silly install resolved        'grunt-retire': '0.3.7',
35 silly install resolved        'jasmine-node': '1.14.5' },
35 silly install resolved     author: { name: 'Anis Kadri' },
35 silly install resolved     contributors:
35 silly install resolved      [ [Object],
35 silly install resolved        [Object],
35 silly install resolved        [Object],
35 silly install resolved        [Object],
35 silly install resolved        [Object],
35 silly install resolved        [Object],
35 silly install resolved        [Object],
35 silly install resolved        [Object],
35 silly install resolved        [Object],
35 silly install resolved        [Object],
35 silly install resolved        [Object],
35 silly install resolved        [Object],
35 silly install resolved        [Object],
35 silly install resolved        [Object],
35 silly install resolved        [Object],
35 silly install resolved        [Object],
35 silly install resolved        [Object],
35 silly install resolved        [Object],
35 silly install resolved        [Object],
35 silly install resolved        [Object],
35 silly install resolved        [Object],
35 silly install resolved        [Object],
35 silly install resolved        [Object],
35 silly install resolved        [Object] ],
35 silly install resolved     license: 'Apache version 2.0',
35 silly install resolved     _id: 'cordova@5.4.1',
35 silly install resolved     _shasum: 'bc56bc1d3c5387a7926408212dfbce59002f9d76',
35 silly install resolved     _resolved: 'https://registry.npmjs.org/cordova/-/cordova-5.4.1.tgz',
35 silly install resolved     _from: 'cordova@*',
35 silly install resolved     _npmVersion: '3.3.12',
35 silly install resolved     _nodeVersion: '5.0.0',
35 silly install resolved     _npmUser: { name: 'stevegill', email: 'stevengill97@gmail.com' },
35 silly install resolved     dist:
35 silly install resolved      { shasum: 'bc56bc1d3c5387a7926408212dfbce59002f9d76',
35 silly install resolved        tarball: 'http://registry.npmjs.org/cordova/-/cordova-5.4.1.tgz' },
35 silly install resolved     maintainers:
35 silly install resolved      [ [Object],
35 silly install resolved        [Object],
35 silly install resolved        [Object],
35 silly install resolved        [Object],
35 silly install resolved        [Object],
35 silly install resolved        [Object],
35 silly install resolved        [Object],
35 silly install resolved        [Object],
35 silly install resolved        [Object],
35 silly install resolved        [Object],
35 silly install resolved        [Object],
35 silly install resolved        [Object],
35 silly install resolved        [Object],
35 silly install resolved        [Object],
35 silly install resolved        [Object],
35 silly install resolved        [Object],
35 silly install resolved        [Object],
35 silly install resolved        [Object] ],
35 silly install resolved     directories: {},
35 silly install resolved     readme: 'ERROR: No README data found!' } ]
36 info install cordova@5.4.1 into /usr/local/lib
37 info installOne cordova@5.4.1
38 verbose installOne of cordova to /usr/local/lib not in flight; installing
39 verbose lock using /Users/JessicaMariaTeguh/.npm/_locks/cordova-fa12e2e096426a32.lock for /usr/local/lib/node_modules/cordova
40 silly install write writing cordova 5.4.1 to /usr/local/lib/node_modules/cordova
41 verbose unbuild lib/node_modules/cordova
42 info preuninstall cordova@5.4.1
43 info uninstall cordova@5.4.1
44 verbose unbuild rmStuff cordova@5.4.1 from /usr/local/lib/node_modules
45 silly gentlyRm /usr/local/bin/cordova is being gently removed
46 silly gentlyRm verifying /usr/local is an npm working directory
47 silly gentlyRm containing path /usr/local is under npm's control, in /usr/local
48 silly gentlyRm deletion target /usr/local/bin/cordova is under /usr/local
49 verbose gentlyRm vacuuming from /usr/local/bin/cordova up to /usr/local
50 silly vacuum-fs removing /usr/local/bin/cordova
51 silly vacuum-fs quitting because other entries in /usr/local/bin
52 info postuninstall cordova@5.4.1
53 silly gentlyRm /usr/local/lib/node_modules/cordova is being purged from base /usr/local
54 verbose gentlyRm don't care about contents; nuking /usr/local/lib/node_modules/cordova
55 silly vacuum-fs purging /usr/local/lib/node_modules/cordova
56 verbose unlock done using /Users/JessicaMariaTeguh/.npm/_locks/cordova-fa12e2e096426a32.lock for /usr/local/lib/node_modules/cordova
57 verbose stack Error: EACCES, unlink '/usr/local/lib/node_modules/cordova/.npmignore'
57 verbose stack     at Error (native)
58 verbose cwd /Users/JessicaMariaTeguh/Projects/MeetUp
59 error Darwin 15.0.0
60 error argv "node" "/usr/local/bin/npm" "install" "-g" "cordova"
61 error node v0.12.7
62 error npm  v2.14.6
63 error path /usr/local/lib/node_modules/cordova/.npmignore
64 error code EACCES
65 error errno -13
66 error Error: EACCES, unlink '/usr/local/lib/node_modules/cordova/.npmignore'
66 error     at Error (native)
66 error  { [Error: EACCES, unlink '/usr/local/lib/node_modules/cordova/.npmignore']
66 error   errno: -13,
66 error   code: 'EACCES',
66 error   path: '/usr/local/lib/node_modules/cordova/.npmignore' }
67 error Please try running this command again as root/Administrator.
68 verbose exit [ -13, true ]
69 verbose unbuild lib/node_modules/cordova
70 info preuninstall cordova@5.4.1
71 info uninstall cordova@5.4.1
72 verbose unbuild rmStuff cordova@5.4.1 from /usr/local/lib/node_modules
73 silly gentlyRm /usr/local/bin/cordova is being gently removed
74 silly gentlyRm verifying /usr/local is an npm working directory
75 silly gentlyRm containing path /usr/local is under npm's control, in /usr/local
76 silly gentlyRm deletion target /usr/local/bin/cordova is under /usr/local
77 verbose gentlyRm vacuuming from /usr/local/bin/cordova up to /usr/local
78 info postuninstall cordova@5.4.1
79 silly gentlyRm /usr/local/lib/node_modules/cordova is being purged from base /usr/local
80 verbose gentlyRm don't care about contents; nuking /usr/local/lib/node_modules/cordova
81 silly vacuum-fs purging /usr/local/lib/node_modules/cordova
82 error error rolling back Error: EACCES, unlink '/usr/local/lib/node_modules/cordova/.npmignore'
82 error error rolling back     at Error (native)
82 error error rolling back  { [Error: EACCES, unlink '/usr/local/lib/node_modules/cordova/.npmignore']
82 error error rolling back   errno: -13,
82 error error rolling back   code: 'EACCES',
82 error error rolling back   path: '/usr/local/lib/node_modules/cordova/.npmignore' }
